{"C:\\Users\\filip\\OneDrive\\Documentos\\dev\\biblioteka\\src\\pages\\Home\\index.tsx": {"path":"C:\\Users\\filip\\OneDrive\\Documentos\\dev\\biblioteka\\src\\pages\\Home\\index.tsx","all":false,"statementMap":{"0":{"start":{"line":1,"column":0},"end":{"line":1,"column":33}},"1":{"start":{"line":2,"column":0},"end":{"line":2,"column":60}},"2":{"start":{"line":3,"column":0},"end":{"line":3,"column":0}},"3":{"start":{"line":4,"column":0},"end":{"line":4,"column":50}},"4":{"start":{"line":5,"column":0},"end":{"line":5,"column":0}},"5":{"start":{"line":6,"column":0},"end":{"line":6,"column":24}},"6":{"start":{"line":7,"column":0},"end":{"line":7,"column":51}},"7":{"start":{"line":8,"column":0},"end":{"line":8,"column":60}},"8":{"start":{"line":9,"column":0},"end":{"line":9,"column":0}},"9":{"start":{"line":10,"column":0},"end":{"line":10,"column":68}},"10":{"start":{"line":11,"column":0},"end":{"line":11,"column":54}},"11":{"start":{"line":12,"column":0},"end":{"line":12,"column":30}},"12":{"start":{"line":13,"column":0},"end":{"line":13,"column":29}},"13":{"start":{"line":14,"column":0},"end":{"line":14,"column":12}},"14":{"start":{"line":15,"column":0},"end":{"line":15,"column":104}},"15":{"start":{"line":16,"column":0},"end":{"line":16,"column":25}},"16":{"start":{"line":17,"column":0},"end":{"line":17,"column":5}},"17":{"start":{"line":18,"column":0},"end":{"line":18,"column":4}},"18":{"start":{"line":19,"column":0},"end":{"line":19,"column":0}},"19":{"start":{"line":20,"column":0},"end":{"line":20,"column":73}},"20":{"start":{"line":21,"column":0},"end":{"line":21,"column":52}},"21":{"start":{"line":22,"column":0},"end":{"line":22,"column":26}},"22":{"start":{"line":23,"column":0},"end":{"line":23,"column":27}},"23":{"start":{"line":24,"column":0},"end":{"line":24,"column":4}},"24":{"start":{"line":25,"column":0},"end":{"line":25,"column":0}},"25":{"start":{"line":26,"column":0},"end":{"line":26,"column":10}},"26":{"start":{"line":27,"column":0},"end":{"line":27,"column":13}},"27":{"start":{"line":28,"column":0},"end":{"line":28,"column":58}},"28":{"start":{"line":29,"column":0},"end":{"line":29,"column":28}},"29":{"start":{"line":30,"column":0},"end":{"line":30,"column":113}},"30":{"start":{"line":31,"column":0},"end":{"line":31,"column":62}},"31":{"start":{"line":32,"column":0},"end":{"line":32,"column":47}},"32":{"start":{"line":33,"column":0},"end":{"line":33,"column":47}},"33":{"start":{"line":34,"column":0},"end":{"line":34,"column":53}},"34":{"start":{"line":35,"column":0},"end":{"line":35,"column":17}},"35":{"start":{"line":36,"column":0},"end":{"line":36,"column":12}},"36":{"start":{"line":37,"column":0},"end":{"line":37,"column":0}},"37":{"start":{"line":38,"column":0},"end":{"line":38,"column":28}},"38":{"start":{"line":39,"column":0},"end":{"line":39,"column":78}},"39":{"start":{"line":40,"column":0},"end":{"line":40,"column":26}},"40":{"start":{"line":41,"column":0},"end":{"line":41,"column":27}},"41":{"start":{"line":42,"column":0},"end":{"line":42,"column":29}},"42":{"start":{"line":43,"column":0},"end":{"line":43,"column":14}},"43":{"start":{"line":44,"column":0},"end":{"line":44,"column":9}},"44":{"start":{"line":45,"column":0},"end":{"line":45,"column":14}},"45":{"start":{"line":46,"column":0},"end":{"line":46,"column":4}},"46":{"start":{"line":47,"column":0},"end":{"line":47,"column":1}}},"s":{"0":1,"1":1,"2":1,"3":1,"4":1,"5":1,"6":9,"7":9,"8":9,"9":9,"10":7,"11":7,"12":0,"13":7,"14":7,"15":7,"16":7,"17":7,"18":9,"19":9,"20":1,"21":1,"22":1,"23":1,"24":9,"25":9,"26":9,"27":9,"28":9,"29":9,"30":9,"31":9,"32":9,"33":9,"34":9,"35":9,"36":9,"37":9,"38":9,"39":9,"40":9,"41":9,"42":9,"43":9,"44":9,"45":9,"46":9},"branchMap":{"0":{"type":"branch","line":6,"loc":{"start":{"line":6,"column":7},"end":{"line":47,"column":1}},"locations":[{"start":{"line":6,"column":7},"end":{"line":47,"column":1}}]},"1":{"type":"branch","line":10,"loc":{"start":{"line":10,"column":23},"end":{"line":18,"column":4}},"locations":[{"start":{"line":10,"column":23},"end":{"line":18,"column":4}}]},"2":{"type":"branch","line":12,"loc":{"start":{"line":12,"column":29},"end":{"line":14,"column":11}},"locations":[{"start":{"line":12,"column":29},"end":{"line":14,"column":11}}]},"3":{"type":"branch","line":15,"loc":{"start":{"line":15,"column":43},"end":{"line":15,"column":104}},"locations":[{"start":{"line":15,"column":43},"end":{"line":15,"column":104}}]},"4":{"type":"branch","line":20,"loc":{"start":{"line":20,"column":27},"end":{"line":24,"column":4}},"locations":[{"start":{"line":20,"column":27},"end":{"line":24,"column":4}}]},"5":{"type":"branch","line":38,"loc":{"start":{"line":38,"column":17},"end":{"line":39,"column":21}},"locations":[{"start":{"line":38,"column":17},"end":{"line":39,"column":21}}]},"6":{"type":"branch","line":39,"loc":{"start":{"line":39,"column":42},"end":{"line":39,"column":63}},"locations":[{"start":{"line":39,"column":42},"end":{"line":39,"column":63}}]},"7":{"type":"branch","line":39,"loc":{"start":{"line":39,"column":46},"end":{"line":39,"column":78}},"locations":[{"start":{"line":39,"column":46},"end":{"line":39,"column":78}}]}},"b":{"0":[9],"1":[7],"2":[0],"3":[21],"4":[1],"5":[24],"6":[16],"7":[8]},"fnMap":{"0":{"name":"Home","decl":{"start":{"line":6,"column":7},"end":{"line":47,"column":1}},"loc":{"start":{"line":6,"column":7},"end":{"line":47,"column":1}},"line":6},"1":{"name":"handleSearch","decl":{"start":{"line":10,"column":23},"end":{"line":18,"column":4}},"loc":{"start":{"line":10,"column":23},"end":{"line":18,"column":4}},"line":10},"2":{"name":"handleTypeSearch","decl":{"start":{"line":20,"column":27},"end":{"line":24,"column":4}},"loc":{"start":{"line":20,"column":27},"end":{"line":24,"column":4}},"line":20}},"f":{"0":9,"1":7,"2":1}}
}
