TN:
SF:src\pages\Home\index.tsx
FN:6,Home
FN:10,handleSearch
FN:20,handleTypeSearch
FNF:3
FNH:3
FNDA:9,Home
FNDA:7,handleSearch
FNDA:1,handleTypeSearch
DA:1,1
DA:2,1
DA:3,1
DA:4,1
DA:5,1
DA:6,1
DA:7,9
DA:8,9
DA:9,9
DA:10,9
DA:11,7
DA:12,7
DA:13,0
DA:14,7
DA:15,7
DA:16,7
DA:17,7
DA:18,7
DA:19,9
DA:20,9
DA:21,1
DA:22,1
DA:23,1
DA:24,1
DA:25,9
DA:26,9
DA:27,9
DA:28,9
DA:29,9
DA:30,9
DA:31,9
DA:32,9
DA:33,9
DA:34,9
DA:35,9
DA:36,9
DA:37,9
DA:38,9
DA:39,9
DA:40,9
DA:41,9
DA:42,9
DA:43,9
DA:44,9
DA:45,9
DA:46,9
DA:47,9
LF:47
LH:46
BRDA:6,0,0,9
BRDA:10,1,0,7
BRDA:12,2,0,0
BRDA:15,3,0,21
BRDA:20,4,0,1
BRDA:38,5,0,24
BRDA:39,6,0,16
BRDA:39,7,0,8
BRF:8
BRH:7
end_of_record
